0 info it worked if it ends with ok
1 verbose cli [ 'C:\\Program Files\\nodejs\\node.exe',
1 verbose cli   'C:\\Program Files\\nodejs\\node_modules\\npm\\bin\\npm-cli.js',
1 verbose cli   'install',
1 verbose cli   'mongoose',
1 verbose cli   '--save' ]
2 info using npm@1.4.28
3 info using node@v4.0.0
4 error Failed to parse json
4 error Unexpected token }
5 error File: C:\Users\BIB HUTI\Desktop\node\todo\package.json
6 error Failed to parse package.json data.
6 error package.json must be actual JSON, not just JavaScript.
6 error
6 error This is not a bug in npm.
6 error Tell the package author to fix their package.json file. JSON.parse
7 error System Windows_NT 10.0.10240
8 error command "C:\\Program Files\\nodejs\\node.exe" "C:\\Program Files\\nodejs\\node_modules\\npm\\bin\\npm-cli.js" "install" "mongoose" "--save"
9 error cwd C:\Users\BIB HUTI\Desktop\node\todo
10 error node -v v4.0.0
11 error npm -v 1.4.28
12 error file C:\Users\BIB HUTI\Desktop\node\todo\package.json
13 error code EJSONPARSE
14 verbose exit [ 1, true ]
